#
# A fatal error has been detected by the Java Runtime Environment:
#
#  SIGSEGV (0xb) at pc=0x00007fffa8d48d08, pid=37043, tid=0x0000000000000307
#
# JRE version: OpenJDK Runtime Environment (8.0_112-b06) (build 1.8.0_112-release-b06)
# Java VM: OpenJDK 64-Bit Server VM (25.112-b06 mixed mode bsd-amd64 compressed oops)
# Problematic frame:
# C  [libobjc.A.dylib+0xbd08]  objc_storeWeak+0x16e
#
# Failed to write core dump. Core dumps have been disabled. To enable core dumping, try "ulimit -c unlimited" before starting Java again
#
# If you would like to submit a bug report, please visit:
#   http://bugreport.java.com/bugreport/crash.jsp
# The crash happened outside the Java Virtual Machine in native code.
# See problematic frame for where to report the bug.
#

---------------  T H R E A D  ---------------

Current thread (0x00007f9acf999000):  JavaThread "AppKit Thread" daemon [_thread_in_native, id=775, stack(0x00007fff5452a000,0x00007fff54d2a000)]

siginfo: si_signo: 11 (SIGSEGV), si_code: 1 (SEGV_MAPERR), si_addr: 0x0000000000000000

Registers:
RAX=0x00007f9ad11a3800, RBX=0x00007fffb2495480, RCX=0x0000000000000000, RDX=0x00007ffffffffff8
RSP=0x00007fff54d22d40, RBP=0x00007fff54d22dc0, RSI=0x00007f9ad11a3800, RDI=0x00007fffb2495480
R8 =0x000000000000007f, R9 =0x00007f9acf599480, R10=0x0000000000000008, R11=0x00007f9ad0a95e80
R12=0x00007fffb2495b80, R13=0x0000000000000000, R14=0x00007f9acf66eeb0, R15=0x0000000000000000
RIP=0x00007fffa8d48d08, EFLAGS=0x0000000000010206, ERR=0x0000000000000004
  TRAPNO=0x000000000000000e

Top of Stack: (sp=0x00007fff54d22d40)
0x00007fff54d22d40:   0000000000000000 00007f9acf479428
0x00007fff54d22d50:   ffff806530a66b80 0000000000000700
0x00007fff54d22d60:   00007fffb23df630 0000000000000000
0x00007fff54d22d70:   00007fffb2495b80 00007f9acf66eeb0
0x00007fff54d22d80:   0000000000000000 00007f9acf479218
0x00007fff54d22d90:   0000000000000007 00007f9acf599480
0x00007fff54d22da0:   0000000000000000 00007f9acf599480
0x00007fff54d22db0:   00007f9acf479910 00007f9acf66eeb0
0x00007fff54d22dc0:   00007fff54d22e00 00007fff958dbdef
0x00007fff54d22dd0:   00007fff54d22e00 0000000000000000
0x00007fff54d22de0:   00007f9acf66eeb0 00007fff92614024
0x00007fff54d22df0:   00007f9acf599480 00007fffa8d44040
0x00007fff54d22e00:   00007fff54d22e30 00007fff91caca3f
0x00007fff54d22e10:   00007fffa8d44040 00007fff54d22eb8
0x00007fff54d22e20:   00007fff92657777 00007fffa8d44040
0x00007fff54d22e30:   00007fff54d22e70 00007fff92079f5b
0x00007fff54d22e40:   0000000000000000 0000000000000000
0x00007fff54d22e50:   0000000000000094 00007fff9263a19d
0x00007fff54d22e60:   00007fff54d22eb8 0000000000000001
0x00007fff54d22e70:   00007fff54d22ea0 00007fff91b04118
0x00007fff54d22e80:   0000000000000000 00007f9acf66eeb0
0x00007fff54d22e90:   00007f9acf599480 0000000000000000
0x00007fff54d22ea0:   00007fff54d22f00 00007fff91cac87c
0x00007fff54d22eb0:   0000000000000000 00007fffb2528060
0x00007fff54d22ec0:   00000000c2000000 00007fff92079e6c
0x00007fff54d22ed0:   00007fffae5ffcf0 0000000000000000
0x00007fff54d22ee0:   00007f9acf66eeb0 00007f9acf599480
0x00007fff54d22ef0:   00007f9acf599480 00007f9acf66eeb0
0x00007fff54d22f00:   00007fff54d22f30 000000011937a586
0x00007fff54d22f10:   00007f9acf599480 00000001193aec60
0x00007fff54d22f20:   00007f9acf638fe0 00007f9acf638fe0
0x00007fff54d22f30:   00007fff54d234a0 00007fff91b2724b 

Instructions: (pc=0x00007fffa8d48d08)
0x00007fffa8d48ce8:   eb 07 48 8b 45 a0 48 8b 30 48 8b 45 c0 48 39 c6
0x00007fffa8d48cf8:   74 2a 48 8b 46 20 48 89 c1 48 21 d1 48 8b 49 08
0x00007fffa8d48d08:   f6 01 01 75 0a 48 8b 06 48 21 d0 48 8b 40 20 48
0x00007fffa8d48d18:   21 d0 f6 40 03 20 0f 84 f8 fe ff ff 49 c1 e5 06 

Register to memory mapping:

RAX=0x00007f9ad11a3800 is a thread
RBX=0x00007fffb2495480: _ZN12_GLOBAL__N_1L12SideTableBufE+0 in /usr/lib/libobjc.A.dylib at 0x00007fffa8d3d000
RCX=0x0000000000000000 is an unknown value
RDX=0x00007ffffffffff8 is an unknown value
RSP=0x00007fff54d22d40 is pointing into the stack for thread: 0x00007f9acf999000
RBP=0x00007fff54d22dc0 is pointing into the stack for thread: 0x00007f9acf999000
RSI=0x00007f9ad11a3800 is a thread
RDI=0x00007fffb2495480: _ZN12_GLOBAL__N_1L12SideTableBufE+0 in /usr/lib/libobjc.A.dylib at 0x00007fffa8d3d000
R8 =0x000000000000007f is an unknown value
R9 =0x00007f9acf599480 is an unknown value
R10=0x0000000000000008 is an unknown value
R11=0x00007f9ad0a95e80 is an unknown value
R12=0x00007fffb2495b80: _ZN12_GLOBAL__N_1L12SideTableBufE+0x700 in /usr/lib/libobjc.A.dylib at 0x00007fffa8d3d000
R13=0x0000000000000000 is an unknown value
R14=0x00007f9acf66eeb0 is an unknown value
R15=0x0000000000000000 is an unknown value


Stack: [0x00007fff5452a000,0x00007fff54d2a000],  sp=0x00007fff54d22d40,  free space=8163k
Native frames: (J=compiled Java code, j=interpreted, Vv=VM code, C=native code)
C  [libobjc.A.dylib+0xbd08]  objc_storeWeak+0x16e
C  [Foundation+0x17def]  -[NSConcreteMapTable setObject:forKey:]+0x6a
C  [AppKit+0x322a3f]  -[NSView(NSOpenGLContextAssociation) _setOpenGLContext:]+0x9b
C  [AppKit+0x6eff5b]  __27-[NSOpenGLContext setView:]_block_invoke+0xef
C  [AppKit+0x17a118]  NSPerformVisuallyAtomicChange+0x93
C  [AppKit+0x32287c]  -[NSOpenGLContext setView:]+0x69
C  [liblwjgl.dylib+0xa586]  -[MacOSXOpenGLView lockFocus]+0x76
C  [AppKit+0x19d24b]  -[NSView _recursiveDisplayRectIfNeededIgnoringOpacity:isVisibleRect:rectIsVisibleRectForView:topView:]+0x6ee
C  [AppKit+0x19daa1]  -[NSView _recursiveDisplayRectIfNeededIgnoringOpacity:isVisibleRect:rectIsVisibleRectForView:topView:]+0xf44
C  [AppKit+0x19c67f]  -[NSThemeFrame _recursiveDisplayRectIfNeededIgnoringOpacity:isVisibleRect:rectIsVisibleRectForView:topView:]+0x14e
C  [AppKit+0x19aaa8]  -[NSView _displayRectIgnoringOpacity:isVisibleRect:rectIsVisibleRectForView:]+0x994
C  [AppKit+0x19639a]  -[NSView displayIfNeeded]+0x6d4
C  [AppKit+0x195cab]  -[NSWindow displayIfNeeded]+0xe6
C  [AppKit+0x8f5d24]  ___NSWindowGetDisplayCycleObserver_block_invoke.6228+0x115
C  [AppKit+0x195789]  __37+[NSDisplayCycle currentDisplayCycle]_block_invoke+0x1c6
C  [QuartzCore+0x11dc6]  _ZN2CA11Transaction19run_commit_handlersE18CATransactionPhase+0x2e
C  [QuartzCore+0x11b8f0]  _ZN2CA7Context18commit_transactionEPNS_11TransactionE+0xa0
C  [QuartzCore+0x108a1]  _ZN2CA11Transaction6commitEv+0x1db
C  [AppKit+0x478b99]  __37+[NSDisplayCycle currentDisplayCycle]_block_invoke.31+0x143
C  [CoreFoundation+0xa6dd7]  __CFRUNLOOP_IS_CALLING_OUT_TO_AN_OBSERVER_CALLBACK_FUNCTION__+0x17
C  [CoreFoundation+0xa6d47]  __CFRunLoopDoObservers+0x187
C  [CoreFoundation+0x87789]  __CFRunLoopRun+0x369
C  [CoreFoundation+0x871c4]  CFRunLoopRunSpecific+0x1a4
C  [HIToolbox+0x30ebc]  RunCurrentEventLoopInMode+0xf0
C  [HIToolbox+0x30bf9]  ReceiveNextEventCommon+0xb8
C  [HIToolbox+0x30b26]  _BlockUntilNextEventMatchingListInModeWithFilter+0x47
C  [AppKit+0x46e24]  _DPSNextEvent+0x460
C  [AppKit+0x7c285e]  -[NSApplication(NSEvent) _nextEventMatchingEventMask:untilDate:inMode:dequeue:]+0xaec
C  [libosxapp.dylib+0x241a]  -[NSApplicationAWT nextEventMatchingMask:untilDate:inMode:dequeue:]+0x7c
C  [AppKit+0x3b7ab]  -[NSApplication run]+0x39e
C  [libosxapp.dylib+0x222e]  +[NSApplicationAWT runAWTLoopWithApp:]+0x9c
C  [libawt_lwawt.dylib+0x4678f]  -[AWTStarter starter:]+0x389
C  [Foundation+0x7184a]  __NSThreadPerformPerform+0x146
C  [CoreFoundation+0xa73c1]  __CFRUNLOOP_IS_CALLING_OUT_TO_A_SOURCE0_PERFORM_FUNCTION__+0x11
C  [CoreFoundation+0x882cd]  __CFRunLoopDoSources0+0x22d
C  [CoreFoundation+0x877c6]  __CFRunLoopRun+0x3a6
C  [CoreFoundation+0x871c4]  CFRunLoopRunSpecific+0x1a4
C  [java+0x6455]  CreateExecutionEnvironment+0x367
C  [java+0x217c]  JLI_Launch+0x7a0
C  [java+0x84b9]  main+0x6c
C  [java+0x19d4]  start+0x34
C  0x0000000000000008


---------------  P R O C E S S  ---------------

Java Threads: ( => current thread )
  0x00007f9ad0b4a000 JavaThread "AWT-Shutdown" [_thread_blocked, id=81227, stack(0x00007000014c0000,0x00007000015c0000)]
  0x00007f9ad1219800 JavaThread "AsynchExecutor-Thread" daemon [_thread_blocked, id=71875, stack(0x0000700002a0b000,0x0000700002b0b000)]
  0x00007f9ad0000800 JavaThread "DestroyJavaVM" [_thread_blocked, id=7171, stack(0x0000700001649000,0x0000700001749000)]
  0x00007f9ad11a3800 JavaThread "LWJGL Application" [_thread_in_native, id=70695, stack(0x0000700002908000,0x0000700002a08000)]
=>0x00007f9acf999000 JavaThread "AppKit Thread" daemon [_thread_in_native, id=775, stack(0x00007fff5452a000,0x00007fff54d2a000)]
  0x00007f9ad081c800 JavaThread "Monitor Ctrl-Break" daemon [_thread_in_native, id=19715, stack(0x0000700002473000,0x0000700002573000)]
  0x00007f9ad005c000 JavaThread "Service Thread" daemon [_thread_blocked, id=18691, stack(0x000070000226d000,0x000070000236d000)]
  0x00007f9ad1011000 JavaThread "C1 CompilerThread2" daemon [_thread_blocked, id=18179, stack(0x000070000216a000,0x000070000226a000)]
  0x00007f9ad1010800 JavaThread "C2 CompilerThread1" daemon [_thread_blocked, id=17667, stack(0x0000700002067000,0x0000700002167000)]
  0x00007f9ad080e000 JavaThread "C2 CompilerThread0" daemon [_thread_blocked, id=17155, stack(0x0000700001f64000,0x0000700002064000)]
  0x00007f9acf808800 JavaThread "Signal Dispatcher" daemon [_thread_blocked, id=16643, stack(0x0000700001e61000,0x0000700001f61000)]
  0x00007f9acf816800 JavaThread "Finalizer" daemon [_thread_blocked, id=12547, stack(0x0000700001d5e000,0x0000700001e5e000)]
  0x00007f9ad1003000 JavaThread "Reference Handler" daemon [_thread_blocked, id=12035, stack(0x0000700001c5b000,0x0000700001d5b000)]

Other Threads:
  0x00007f9ad1002000 VMThread [stack: 0x0000700001b58000,0x0000700001c58000] [id=11523]
  0x00007f9ad0040800 WatcherThread [stack: 0x0000700002370000,0x0000700002470000] [id=19203]

VM state:not at safepoint (normal execution)

VM Mutex/Monitor currently owned by a thread: None

Heap:
 PSYoungGen      total 38400K, used 6298K [0x0000000795580000, 0x0000000798000000, 0x00000007c0000000)
  eden space 33280K, 3% used [0x0000000795580000,0x00000007956ae840,0x0000000797600000)
  from space 5120K, 99% used [0x0000000797b00000,0x0000000797ff8330,0x0000000798000000)
  to   space 5120K, 0% used [0x0000000797600000,0x0000000797600000,0x0000000797b00000)
 ParOldGen       total 87552K, used 24157K [0x0000000740000000, 0x0000000745580000, 0x0000000795580000)
  object space 87552K, 27% used [0x0000000740000000,0x0000000741797748,0x0000000745580000)
 Metaspace       used 11479K, capacity 11669K, committed 11904K, reserved 1060864K
  class space    used 1096K, capacity 1147K, committed 1152K, reserved 1048576K

Card table byte_map: [0x000000010c6b6000,0x000000010cab7000] byte_map_base: 0x0000000108cb6000

Marking Bits: (ParMarkBitMap*) 0x000000010c08bed0
 Begin Bits: [0x000000010cd62000, 0x000000010ed62000)
 End Bits:   [0x000000010ed62000, 0x0000000110d62000)

Polling page: 0x000000010af98000

CodeCache: size=245760Kb used=6148Kb max_used=6159Kb free=239611Kb
 bounds [0x000000011a88a000, 0x000000011ae9a000, 0x000000012988a000]
 total_blobs=2153 nmethods=1617 adapters=450
 compilation: enabled

Compilation events (10 events):
Event: 41.912 Thread 0x00007f9ad1010800 1626       4       com.badlogic.gdx.math.Frustum::update (263 bytes)
Event: 41.934 Thread 0x00007f9ad1010800 nmethod 1626 0x000000011ae8d1d0 code [0x000000011ae8d440, 0x000000011ae8e428]
Event: 43.512 Thread 0x00007f9ad080e000 1627       4       com.badlogic.gdx.scenes.scene2d.ui.Label::textEquals (62 bytes)
Event: 43.519 Thread 0x00007f9ad080e000 nmethod 1627 0x000000011a9f1850 code [0x000000011a9f19c0, 0x000000011a9f1c38]
Event: 46.196 Thread 0x00007f9ad1010800 1628       4       com.badlogic.gdx.math.Vector3::crs (62 bytes)
Event: 46.198 Thread 0x00007f9ad1010800 nmethod 1628 0x000000011a98b050 code [0x000000011a98b1a0, 0x000000011a98b258]
Event: 47.144 Thread 0x00007f9ad080e000 1629       4       java.util.ArrayList::clear (39 bytes)
Event: 47.147 Thread 0x00007f9ad080e000 nmethod 1629 0x000000011ae8b710 code [0x000000011ae8b860, 0x000000011ae8b918]
Event: 47.261 Thread 0x00007f9ad1010800 1630       4       java.nio.DirectByteBuffer::put (126 bytes)
Event: 47.272 Thread 0x00007f9ad1010800 nmethod 1630 0x000000011a98cbd0 code [0x000000011a98cd40, 0x000000011a98d178]

GC Heap History (4 events):
Event: 4.576 GC heap before
{Heap before GC invocations=1 (full 0):
 PSYoungGen      total 38400K, used 33280K [0x0000000795580000, 0x0000000798000000, 0x00000007c0000000)
  eden space 33280K, 100% used [0x0000000795580000,0x0000000797600000,0x0000000797600000)
  from space 5120K, 0% used [0x0000000797b00000,0x0000000797b00000,0x0000000798000000)
  to   space 5120K, 0% used [0x0000000797600000,0x0000000797600000,0x0000000797b00000)
 ParOldGen       total 87552K, used 0K [0x0000000740000000, 0x0000000745580000, 0x0000000795580000)
  object space 87552K, 0% used [0x0000000740000000,0x0000000740000000,0x0000000745580000)
 Metaspace       used 10264K, capacity 10403K, committed 10624K, reserved 1058816K
  class space    used 1003K, capacity 1048K, committed 1152K, reserved 1048576K
Event: 4.596 GC heap after
Heap after GC invocations=1 (full 0):
 PSYoungGen      total 38400K, used 5116K [0x0000000795580000, 0x0000000798000000, 0x00000007c0000000)
  eden space 33280K, 0% used [0x0000000795580000,0x0000000795580000,0x0000000797600000)
  from space 5120K, 99% used [0x0000000797600000,0x0000000797aff140,0x0000000797b00000)
  to   space 5120K, 0% used [0x0000000797b00000,0x0000000797b00000,0x0000000798000000)
 ParOldGen       total 87552K, used 3812K [0x0000000740000000, 0x0000000745580000, 0x0000000795580000)
  object space 87552K, 4% used [0x0000000740000000,0x00000007403b9360,0x0000000745580000)
 Metaspace       used 10264K, capacity 10403K, committed 10624K, reserved 1058816K
  class space    used 1003K, capacity 1048K, committed 1152K, reserved 1048576K
}
Event: 17.145 GC heap before
{Heap before GC invocations=2 (full 0):
 PSYoungGen      total 38400K, used 38396K [0x0000000795580000, 0x0000000798000000, 0x00000007c0000000)
  eden space 33280K, 100% used [0x0000000795580000,0x0000000797600000,0x0000000797600000)
  from space 5120K, 99% used [0x0000000797600000,0x0000000797aff140,0x0000000797b00000)
  to   space 5120K, 0% used [0x0000000797b00000,0x0000000797b00000,0x0000000798000000)
 ParOldGen       total 87552K, used 3812K [0x0000000740000000, 0x0000000745580000, 0x0000000795580000)
  object space 87552K, 4% used [0x0000000740000000,0x00000007403b9360,0x0000000745580000)
 Metaspace       used 11471K, capacity 11605K, committed 11904K, reserved 1060864K
  class space    used 1095K, capacity 1147K, committed 1152K, reserved 1048576K
Event: 17.174 GC heap after
Heap after GC invocations=2 (full 0):
 PSYoungGen      total 38400K, used 5088K [0x0000000795580000, 0x0000000798000000, 0x00000007c0000000)
  eden space 33280K, 0% used [0x0000000795580000,0x0000000795580000,0x0000000797600000)
  from space 5120K, 99% used [0x0000000797b00000,0x0000000797ff8330,0x0000000798000000)
  to   space 5120K, 0% used [0x0000000797600000,0x0000000797600000,0x0000000797b00000)
 ParOldGen       total 87552K, used 24157K [0x0000000740000000, 0x0000000745580000, 0x0000000795580000)
  object space 87552K, 27% used [0x0000000740000000,0x0000000741797748,0x0000000745580000)
 Metaspace       used 11471K, capacity 11605K, committed 11904K, reserved 1060864K
  class space    used 1095K, capacity 1147K, committed 1152K, reserved 1048576K
}

Deoptimization events (10 events):
Event: 5.021 Thread 0x00007f9ad1219800 Uncommon trap: reason=class_check action=maybe_recompile pc=0x000000011ac49ac8 method=java.util.regex.Pattern$BmpCharProperty.match(Ljava/util/regex/Matcher;ILjava/lang/CharSequence;)Z @ 16
Event: 5.021 Thread 0x00007f9ad1219800 Uncommon trap: reason=class_check action=maybe_recompile pc=0x000000011ac49ac8 method=java.util.regex.Pattern$BmpCharProperty.match(Ljava/util/regex/Matcher;ILjava/lang/CharSequence;)Z @ 16
Event: 5.113 Thread 0x00007f9ad11a3800 Uncommon trap: reason=unstable_if action=reinterpret pc=0x000000011ac33db4 method=java.lang.Math.max(FF)F @ 11
Event: 5.113 Thread 0x00007f9ad11a3800 Uncommon trap: reason=unstable_if action=reinterpret pc=0x000000011ac1cd2c method=java.lang.Math.max(FF)F @ 11
Event: 5.113 Thread 0x00007f9ad11a3800 Uncommon trap: reason=unstable_if action=reinterpret pc=0x000000011ac2b410 method=java.lang.Math.max(FF)F @ 11
Event: 5.811 Thread 0x00007f9ad11a3800 Uncommon trap: reason=bimorphic action=maybe_recompile pc=0x000000011ad429e0 method=com.badlogic.gdx.utils.TimSort.countRunAndMakeAscending([Ljava/lang/Object;IILjava/util/Comparator;)I @ 24
Event: 5.811 Thread 0x00007f9ad11a3800 Uncommon trap: reason=bimorphic action=maybe_recompile pc=0x000000011ad429e0 method=com.badlogic.gdx.utils.TimSort.countRunAndMakeAscending([Ljava/lang/Object;IILjava/util/Comparator;)I @ 24
Event: 5.811 Thread 0x00007f9ad11a3800 Uncommon trap: reason=bimorphic action=maybe_recompile pc=0x000000011ad429e0 method=com.badlogic.gdx.utils.TimSort.countRunAndMakeAscending([Ljava/lang/Object;IILjava/util/Comparator;)I @ 24
Event: 5.811 Thread 0x00007f9ad11a3800 Uncommon trap: reason=bimorphic action=maybe_recompile pc=0x000000011ad429e0 method=com.badlogic.gdx.utils.TimSort.countRunAndMakeAscending([Ljava/lang/Object;IILjava/util/Comparator;)I @ 24
Event: 5.988 Thread 0x00007f9ad11a3800 Uncommon trap: reason=unstable_if action=reinterpret pc=0x000000011acd5a7c method=java.util.ArrayList$Itr.hasNext()Z @ 11

Internal exceptions (10 events):
Event: 0.620 Thread 0x00007f9ad0000800 Exception <a 'java/lang/NoSuchFieldError': method resolution failed> (0x0000000795c43508) thrown at [/Volumes/Android_AOSP/AOSP-openjdk/external/jetbrains/jdk/hotspot/src/share/vm/prims/methodHandles.cpp, line 1146]
Event: 0.953 Thread 0x00007f9ad0000800 Exception <a 'java/io/FileNotFoundException'> (0x0000000795cbe408) thrown at [/Volumes/Android_AOSP/AOSP-openjdk/external/jetbrains/jdk/hotspot/src/share/vm/prims/jni.cpp, line 709]
Event: 0.953 Thread 0x00007f9ad0000800 Exception <a 'java/io/FileNotFoundException'> (0x0000000795cbef50) thrown at [/Volumes/Android_AOSP/AOSP-openjdk/external/jetbrains/jdk/hotspot/src/share/vm/prims/jni.cpp, line 709]
Event: 0.973 Thread 0x00007f9ad0000800 Exception <a 'java/security/PrivilegedActionException'> (0x0000000795cf0710) thrown at [/Volumes/Android_AOSP/AOSP-openjdk/external/jetbrains/jdk/hotspot/src/share/vm/prims/jvm.cpp, line 1390]
Event: 0.973 Thread 0x00007f9ad0000800 Exception <a 'java/security/PrivilegedActionException'> (0x0000000795cf22f8) thrown at [/Volumes/Android_AOSP/AOSP-openjdk/external/jetbrains/jdk/hotspot/src/share/vm/prims/jvm.cpp, line 1390]
Event: 0.974 Thread 0x00007f9ad0000800 Exception <a 'java/security/PrivilegedActionException'> (0x0000000795cf3418) thrown at [/Volumes/Android_AOSP/AOSP-openjdk/external/jetbrains/jdk/hotspot/src/share/vm/prims/jvm.cpp, line 1390]
Event: 0.978 Thread 0x00007f9ad0000800 Exception <a 'java/security/PrivilegedActionException'> (0x0000000795cf8538) thrown at [/Volumes/Android_AOSP/AOSP-openjdk/external/jetbrains/jdk/hotspot/src/share/vm/prims/jvm.cpp, line 1390]
Event: 0.981 Thread 0x00007f9ad0000800 Exception <a 'java/security/PrivilegedActionException'> (0x0000000795cf9190) thrown at [/Volumes/Android_AOSP/AOSP-openjdk/external/jetbrains/jdk/hotspot/src/share/vm/prims/jvm.cpp, line 1390]
Event: 0.981 Thread 0x00007f9ad0000800 Exception <a 'java/security/PrivilegedActionException'> (0x0000000795cf9db8) thrown at [/Volumes/Android_AOSP/AOSP-openjdk/external/jetbrains/jdk/hotspot/src/share/vm/prims/jvm.cpp, line 1390]
Event: 1.390 Thread 0x00007f9ad11a3800 Exception <a 'java/lang/ArrayIndexOutOfBoundsException': 18> (0x000000079661ca60) thrown at [/Volumes/Android_AOSP/AOSP-openjdk/external/jetbrains/jdk/hotspot/src/share/vm/interpreter/interpreterRuntime.cpp, line 366]

Events (10 events):
Event: 38.964 Thread 0x00007f9ad0b48800 Thread exited: 0x00007f9ad0b48800
Event: 40.252 Thread 0x00007f9ad1181800 Thread added: 0x00007f9ad1181800
Event: 41.257 Executing VM operation: RevokeBias
Event: 41.257 Executing VM operation: RevokeBias done
Event: 41.257 Thread 0x00007f9ad1181800 Thread exited: 0x00007f9ad1181800
Event: 42.960 Thread 0x00007f9ad0b4a000 Thread added: 0x00007f9ad0b4a000
Event: 47.761 loading class com/badlogic/gdx/backends/lwjgl/LwjglApplication$2
Event: 47.761 loading class com/badlogic/gdx/backends/lwjgl/LwjglApplication$2 done
Event: 47.783 loading class org/lwjgl/opengl/CallbackUtil
Event: 47.783 loading class org/lwjgl/opengl/CallbackUtil done


Dynamic libraries:
0x000000001ead9000 	/System/Library/Frameworks/Cocoa.framework/Versions/A/Cocoa
0x000000001ead9000 	/System/Library/Frameworks/Security.framework/Versions/A/Security
0x000000001ead9000 	/System/Library/Frameworks/ApplicationServices.framework/Versions/A/ApplicationServices
0x000000001ead9000 	/usr/lib/libz.1.dylib
0x000000001ead9000 	/usr/lib/libSystem.B.dylib
0x000000001ead9000 	/usr/lib/libobjc.A.dylib
0x000000001ead9000 	/System/Library/Frameworks/Foundation.framework/Versions/C/Foundation
0x000000001ead9000 	/System/Library/Frameworks/CoreFoundation.framework/Versions/A/CoreFoundation
0x000000001ead9000 	/System/Library/Frameworks/AppKit.framework/Versions/C/AppKit
0x000000001ead9000 	/System/Library/Frameworks/CoreData.framework/Versions/A/CoreData
0x000000001ead9000 	/System/Library/PrivateFrameworks/RemoteViewServices.framework/Versions/A/RemoteViewServices
0x000000001ead9000 	/System/Library/PrivateFrameworks/UIFoundation.framework/Versions/A/UIFoundation
0x000000001ead9000 	/System/Library/PrivateFrameworks/DFRFoundation.framework/Versions/A/DFRFoundation
0x000000001ead9000 	/usr/lib/libenergytrace.dylib
0x000000001ead9000 	/System/Library/PrivateFrameworks/SkyLight.framework/Versions/A/SkyLight
0x000000001ead9000 	/System/Library/Frameworks/CoreGraphics.framework/Versions/A/CoreGraphics
0x000000001ead9000 	/usr/lib/libScreenReader.dylib
0x000000001ead9000 	/System/Library/Frameworks/Accelerate.framework/Versions/A/Accelerate
0x000000001ead9000 	/System/Library/Frameworks/IOSurface.framework/Versions/A/IOSurface
0x000000001ead9000 	/System/Library/Frameworks/AudioToolbox.framework/Versions/A/AudioToolbox
0x000000001ead9000 	/System/Library/Frameworks/AudioUnit.framework/Versions/A/AudioUnit
0x000000001ead9000 	/System/Library/PrivateFrameworks/DataDetectorsCore.framework/Versions/A/DataDetectorsCore
0x000000001ead9000 	/System/Library/PrivateFrameworks/DesktopServicesPriv.framework/Versions/A/DesktopServicesPriv
0x000000001ead9000 	/System/Library/Frameworks/Carbon.framework/Versions/A/Frameworks/HIToolbox.framework/Versions/A/HIToolbox
0x000000001ead9000 	/usr/lib/libicucore.A.dylib
0x000000001ead9000 	/System/Library/Frameworks/QuartzCore.framework/Versions/A/QuartzCore
0x000000001ead9000 	/System/Library/Frameworks/Carbon.framework/Versions/A/Frameworks/SpeechRecognition.framework/Versions/A/SpeechRecognition
0x000000001ead9000 	/usr/lib/libauto.dylib
0x000000001ead9000 	/usr/lib/libxml2.2.dylib
0x000000001ead9000 	/System/Library/PrivateFrameworks/CoreUI.framework/Versions/A/CoreUI
0x000000001ead9000 	/System/Library/Frameworks/CoreAudio.framework/Versions/A/CoreAudio
0x000000001ead9000 	/System/Library/Frameworks/DiskArbitration.framework/Versions/A/DiskArbitration
0x000000001ead9000 	/usr/lib/liblangid.dylib
0x000000001ead9000 	/System/Library/PrivateFrameworks/MultitouchSupport.framework/Versions/A/MultitouchSupport
0x000000001ead9000 	/System/Library/Frameworks/IOKit.framework/Versions/A/IOKit
0x000000001ead9000 	/usr/lib/libDiagnosticMessagesClient.dylib
0x000000001ead9000 	/System/Library/Frameworks/CoreServices.framework/Versions/A/CoreServices
0x000000001ead9000 	/System/Library/PrivateFrameworks/PerformanceAnalysis.framework/Versions/A/PerformanceAnalysis
0x000000001ead9000 	/System/Library/PrivateFrameworks/GenerationalStorage.framework/Versions/A/GenerationalStorage
0x000000001ead9000 	/System/Library/Frameworks/OpenGL.framework/Versions/A/OpenGL
0x000000001ead9000 	/System/Library/Frameworks/CoreImage.framework/Versions/A/CoreImage
0x000000001ead9000 	/System/Library/Frameworks/CoreText.framework/Versions/A/CoreText
0x000000001ead9000 	/System/Library/Frameworks/ImageIO.framework/Versions/A/ImageIO
0x000000001ead9000 	/System/Library/PrivateFrameworks/Backup.framework/Versions/A/Backup
0x000000001ead9000 	/usr/lib/libarchive.2.dylib
0x000000001ead9000 	/System/Library/Frameworks/CFNetwork.framework/Versions/A/CFNetwork
0x000000001ead9000 	/System/Library/Frameworks/SystemConfiguration.framework/Versions/A/SystemConfiguration
0x000000001ead9000 	/usr/lib/libCRFSuite.dylib
0x000000001ead9000 	/usr/lib/libc++.1.dylib
0x000000001ead9000 	/usr/lib/libc++abi.dylib
0x000000001ead9000 	/usr/lib/system/libcache.dylib
0x000000001ead9000 	/usr/lib/system/libcommonCrypto.dylib
0x000000001ead9000 	/usr/lib/system/libcompiler_rt.dylib
0x000000001ead9000 	/usr/lib/system/libcopyfile.dylib
0x000000001ead9000 	/usr/lib/system/libcorecrypto.dylib
0x000000001ead9000 	/usr/lib/system/libdispatch.dylib
0x000000001ead9000 	/usr/lib/system/libdyld.dylib
0x000000001ead9000 	/usr/lib/system/libkeymgr.dylib
0x000000001ead9000 	/usr/lib/system/liblaunch.dylib
0x000000001ead9000 	/usr/lib/system/libmacho.dylib
0x000000001ead9000 	/usr/lib/system/libquarantine.dylib
0x000000001ead9000 	/usr/lib/system/libremovefile.dylib
0x000000001ead9000 	/usr/lib/system/libsystem_asl.dylib
0x000000001ead9000 	/usr/lib/system/libsystem_blocks.dylib
0x000000001ead9000 	/usr/lib/system/libsystem_c.dylib
0x000000001ead9000 	/usr/lib/system/libsystem_configuration.dylib
0x000000001ead9000 	/usr/lib/system/libsystem_coreservices.dylib
0x000000001ead9000 	/usr/lib/system/libsystem_coretls.dylib
0x000000001ead9000 	/usr/lib/system/libsystem_dnssd.dylib
0x000000001ead9000 	/usr/lib/system/libsystem_info.dylib
0x000000001ead9000 	/usr/lib/system/libsystem_kernel.dylib
0x000000001ead9000 	/usr/lib/system/libsystem_m.dylib
0x000000001ead9000 	/usr/lib/system/libsystem_malloc.dylib
0x000000001ead9000 	/usr/lib/system/libsystem_network.dylib
0x000000001ead9000 	/usr/lib/system/libsystem_networkextension.dylib
0x000000001ead9000 	/usr/lib/system/libsystem_notify.dylib
0x000000001ead9000 	/usr/lib/system/libsystem_platform.dylib
0x000000001ead9000 	/usr/lib/system/libsystem_pthread.dylib
0x000000001ead9000 	/usr/lib/system/libsystem_sandbox.dylib
0x000000001ead9000 	/usr/lib/system/libsystem_secinit.dylib
0x000000001ead9000 	/usr/lib/system/libsystem_symptoms.dylib
0x000000001ead9000 	/usr/lib/system/libsystem_trace.dylib
0x000000001ead9000 	/usr/lib/system/libunwind.dylib
0x000000001ead9000 	/usr/lib/system/libxpc.dylib
0x000000001ead9000 	/usr/lib/libbsm.0.dylib
0x000000001ead9000 	/usr/lib/system/libkxld.dylib
0x000000001ead9000 	/usr/lib/libcoretls.dylib
0x000000001ead9000 	/usr/lib/libcoretls_cfhelpers.dylib
0x000000001ead9000 	/usr/lib/libOpenScriptingUtil.dylib
0x000000001ead9000 	/usr/lib/libpam.2.dylib
0x000000001ead9000 	/usr/lib/libsqlite3.dylib
0x000000001ead9000 	/usr/lib/libxar.1.dylib
0x000000001ead9000 	/usr/lib/libbz2.1.0.dylib
0x000000001ead9000 	/usr/lib/liblzma.5.dylib
0x000000001ead9000 	/usr/lib/libnetwork.dylib
0x000000001ead9000 	/usr/lib/libpcap.A.dylib
0x000000001ead9000 	/System/Library/Frameworks/CoreServices.framework/Versions/A/Frameworks/FSEvents.framework/Versions/A/FSEvents
0x000000001ead9000 	/System/Library/Frameworks/CoreServices.framework/Versions/A/Frameworks/CarbonCore.framework/Versions/A/CarbonCore
0x000000001ead9000 	/System/Library/Frameworks/CoreServices.framework/Versions/A/Frameworks/Metadata.framework/Versions/A/Metadata
0x000000001ead9000 	/System/Library/Frameworks/CoreServices.framework/Versions/A/Frameworks/OSServices.framework/Versions/A/OSServices
0x000000001ead9000 	/System/Library/Frameworks/CoreServices.framework/Versions/A/Frameworks/SearchKit.framework/Versions/A/SearchKit
0x000000001ead9000 	/System/Library/Frameworks/CoreServices.framework/Versions/A/Frameworks/AE.framework/Versions/A/AE
0x000000001ead9000 	/System/Library/Frameworks/CoreServices.framework/Versions/A/Frameworks/LaunchServices.framework/Versions/A/LaunchServices
0x000000001ead9000 	/System/Library/Frameworks/CoreServices.framework/Versions/A/Frameworks/DictionaryServices.framework/Versions/A/DictionaryServices
0x000000001ead9000 	/System/Library/Frameworks/CoreServices.framework/Versions/A/Frameworks/SharedFileList.framework/Versions/A/SharedFileList
0x000000001ead9000 	/System/Library/Frameworks/NetFS.framework/Versions/A/NetFS
0x000000001ead9000 	/System/Library/PrivateFrameworks/NetAuth.framework/Versions/A/NetAuth
0x000000001ead9000 	/System/Library/PrivateFrameworks/login.framework/Versions/A/Frameworks/loginsupport.framework/Versions/A/loginsupport
0x000000001ead9000 	/System/Library/PrivateFrameworks/TCC.framework/Versions/A/TCC
0x000000001ead9000 	/usr/lib/libmecabra.dylib
0x000000001ead9000 	/System/Library/Frameworks/ApplicationServices.framework/Versions/A/Frameworks/ATS.framework/Versions/A/ATS
0x000000001ead9000 	/System/Library/Frameworks/ApplicationServices.framework/Versions/A/Frameworks/ColorSync.framework/Versions/A/ColorSync
0x000000001ead9000 	/System/Library/Frameworks/ApplicationServices.framework/Versions/A/Frameworks/HIServices.framework/Versions/A/HIServices
0x000000001ead9000 	/System/Library/Frameworks/ApplicationServices.framework/Versions/A/Frameworks/LangAnalysis.framework/Versions/A/LangAnalysis
0x000000001ead9000 	/System/Library/Frameworks/ApplicationServices.framework/Versions/A/Frameworks/PrintCore.framework/Versions/A/PrintCore
0x000000001ead9000 	/System/Library/Frameworks/ApplicationServices.framework/Versions/A/Frameworks/QD.framework/Versions/A/QD
0x000000001ead9000 	/System/Library/Frameworks/ApplicationServices.framework/Versions/A/Frameworks/SpeechSynthesis.framework/Versions/A/SpeechSynthesis
0x000000001ead9000 	/System/Library/Frameworks/Accelerate.framework/Versions/A/Frameworks/vImage.framework/Versions/A/vImage
0x000000001ead9000 	/System/Library/Frameworks/Accelerate.framework/Versions/A/Frameworks/vecLib.framework/Versions/A/vecLib
0x000000001ead9000 	/System/Library/Frameworks/Accelerate.framework/Versions/A/Frameworks/vecLib.framework/Versions/A/libvDSP.dylib
0x000000001ead9000 	/System/Library/Frameworks/Accelerate.framework/Versions/A/Frameworks/vecLib.framework/Versions/A/libBNNS.dylib
0x000000001ead9000 	/System/Library/Frameworks/Accelerate.framework/Versions/A/Frameworks/vecLib.framework/Versions/A/libQuadrature.dylib
0x000000001ead9000 	/System/Library/Frameworks/Accelerate.framework/Versions/A/Frameworks/vecLib.framework/Versions/A/libvMisc.dylib
0x000000001ead9000 	/System/Library/Frameworks/Accelerate.framework/Versions/A/Frameworks/vecLib.framework/Versions/A/libLAPACK.dylib
0x000000001ead9000 	/System/Library/Frameworks/Accelerate.framework/Versions/A/Frameworks/vecLib.framework/Versions/A/libBLAS.dylib
0x000000001ead9000 	/System/Library/Frameworks/Accelerate.framework/Versions/A/Frameworks/vecLib.framework/Versions/A/libLinearAlgebra.dylib
0x000000001ead9000 	/System/Library/Frameworks/Accelerate.framework/Versions/A/Frameworks/vecLib.framework/Versions/A/libSparseBLAS.dylib
0x000000001ead9000 	/System/Library/Frameworks/ApplicationServices.framework/Versions/A/Frameworks/ATS.framework/Versions/A/Resources/libFontParser.dylib
0x000000001ead9000 	/System/Library/Frameworks/ApplicationServices.framework/Versions/A/Frameworks/ATS.framework/Versions/A/Resources/libFontRegistry.dylib
0x000000001ead9000 	/System/Library/Frameworks/ImageIO.framework/Versions/A/Resources/libJPEG.dylib
0x000000001ead9000 	/System/Library/Frameworks/ImageIO.framework/Versions/A/Resources/libTIFF.dylib
0x000000001ead9000 	/System/Library/Frameworks/ImageIO.framework/Versions/A/Resources/libPng.dylib
0x000000001ead9000 	/System/Library/Frameworks/ImageIO.framework/Versions/A/Resources/libGIF.dylib
0x000000001ead9000 	/System/Library/Frameworks/ImageIO.framework/Versions/A/Resources/libJP2.dylib
0x000000001ead9000 	/System/Library/Frameworks/ImageIO.framework/Versions/A/Resources/libRadiance.dylib
0x000000001ead9000 	/usr/lib/libcompression.dylib
0x000000001ead9000 	/System/Library/PrivateFrameworks/AppleJPEG.framework/Versions/A/AppleJPEG
0x000000001ead9000 	/usr/lib/libcups.2.dylib
0x000000001ead9000 	/System/Library/Frameworks/Kerberos.framework/Versions/A/Kerberos
0x000000001ead9000 	/System/Library/Frameworks/GSS.framework/Versions/A/GSS
0x000000001ead9000 	/usr/lib/libresolv.9.dylib
0x000000001ead9000 	/usr/lib/libiconv.2.dylib
0x000000001ead9000 	/System/Library/PrivateFrameworks/Heimdal.framework/Versions/A/Heimdal
0x000000001ead9000 	/usr/lib/libheimdal-asn1.dylib
0x000000001ead9000 	/System/Library/Frameworks/OpenDirectory.framework/Versions/A/OpenDirectory
0x000000001ead9000 	/System/Library/PrivateFrameworks/CommonAuth.framework/Versions/A/CommonAuth
0x000000001ead9000 	/System/Library/Frameworks/OpenDirectory.framework/Versions/A/Frameworks/CFOpenDirectory.framework/Versions/A/CFOpenDirectory
0x000000001ead9000 	/System/Library/Frameworks/SecurityFoundation.framework/Versions/A/SecurityFoundation
0x000000001ead9000 	/System/Library/PrivateFrameworks/LanguageModeling.framework/Versions/A/LanguageModeling
0x000000001ead9000 	/usr/lib/libmarisa.dylib
0x000000001ead9000 	/usr/lib/libChineseTokenizer.dylib
0x000000001ead9000 	/usr/lib/libcmph.dylib
0x000000001ead9000 	/System/Library/PrivateFrameworks/CoreEmoji.framework/Versions/A/CoreEmoji
0x000000001ead9000 	/System/Library/Frameworks/ServiceManagement.framework/Versions/A/ServiceManagement
0x000000001ead9000 	/usr/lib/libxslt.1.dylib
0x000000001ead9000 	/System/Library/Frameworks/Carbon.framework/Versions/A/Frameworks/Ink.framework/Versions/A/Ink
0x000000001ead9000 	/System/Library/PrivateFrameworks/TextureIO.framework/Versions/A/TextureIO
0x000000001ead9000 	/System/Library/Frameworks/Metal.framework/Versions/A/Metal
0x000000001ead9000 	/usr/lib/libate.dylib
0x000000001ead9000 	/System/Library/PrivateFrameworks/GPUCompiler.framework/libmetal_timestamp.dylib
0x000000001ead9000 	/System/Library/Frameworks/OpenGL.framework/Versions/A/Libraries/libCoreFSCache.dylib
0x000000001ead9000 	/System/Library/PrivateFrameworks/IOAccelerator.framework/Versions/A/IOAccelerator
0x000000001ead9000 	/System/Library/Frameworks/CoreVideo.framework/Versions/A/CoreVideo
0x000000001ead9000 	/usr/lib/libFosl_dynamic.dylib
0x000000001ead9000 	/System/Library/PrivateFrameworks/MetalPerformanceShaders.framework/Versions/A/MetalPerformanceShaders
0x000000001ead9000 	/System/Library/PrivateFrameworks/FaceCore.framework/Versions/A/FaceCore
0x000000001ead9000 	/System/Library/Frameworks/OpenCL.framework/Versions/A/OpenCL
0x000000001ead9000 	/System/Library/Frameworks/OpenGL.framework/Versions/A/Libraries/libGLU.dylib
0x000000001ead9000 	/System/Library/Frameworks/OpenGL.framework/Versions/A/Libraries/libGFXShared.dylib
0x000000001ead9000 	/System/Library/Frameworks/OpenGL.framework/Versions/A/Libraries/libGL.dylib
0x000000001ead9000 	/System/Library/Frameworks/OpenGL.framework/Versions/A/Libraries/libGLImage.dylib
0x000000001ead9000 	/System/Library/Frameworks/OpenGL.framework/Versions/A/Libraries/libCVMSPluginSupport.dylib
0x000000001ead9000 	/System/Library/Frameworks/OpenGL.framework/Versions/A/Libraries/libCoreVMClient.dylib
0x000000001ead9000 	/System/Library/PrivateFrameworks/CrashReporterSupport.framework/Versions/A/CrashReporterSupport
0x000000001ead9000 	/System/Library/PrivateFrameworks/Sharing.framework/Versions/A/Sharing
0x000000001ead9000 	/System/Library/PrivateFrameworks/IconServices.framework/Versions/A/IconServices
0x000000001ead9000 	/System/Library/PrivateFrameworks/ProtocolBuffer.framework/Versions/A/ProtocolBuffer
0x000000001ead9000 	/System/Library/PrivateFrameworks/Apple80211.framework/Versions/A/Apple80211
0x000000001ead9000 	/System/Library/Frameworks/CoreWLAN.framework/Versions/A/CoreWLAN
0x000000001ead9000 	/System/Library/PrivateFrameworks/CoreUtils.framework/Versions/A/CoreUtils
0x000000001ead9000 	/System/Library/Frameworks/IOBluetooth.framework/Versions/A/IOBluetooth
0x000000001ead9000 	/System/Library/PrivateFrameworks/CoreWiFi.framework/Versions/A/CoreWiFi
0x000000001ead9000 	/System/Library/Frameworks/CoreBluetooth.framework/Versions/A/CoreBluetooth
0x000000001ead9000 	/System/Library/Frameworks/CoreDisplay.framework/Versions/A/CoreDisplay
0x000000001ead9000 	/System/Library/PrivateFrameworks/IOPresentment.framework/Versions/A/IOPresentment
0x000000001ead9000 	/System/Library/PrivateFrameworks/DSExternalDisplay.framework/Versions/A/DSExternalDisplay
0x000000001ead9000 	/System/Library/PrivateFrameworks/DebugSymbols.framework/Versions/A/DebugSymbols
0x000000001ead9000 	/System/Library/PrivateFrameworks/CoreSymbolication.framework/Versions/A/CoreSymbolication
0x000000001ead9000 	/System/Library/PrivateFrameworks/Symbolication.framework/Versions/A/Symbolication
0x000000001ead9000 	/System/Library/PrivateFrameworks/AppleFSCompression.framework/Versions/A/AppleFSCompression
0x000000001ead9000 	/System/Library/PrivateFrameworks/SpeechRecognitionCore.framework/Versions/A/SpeechRecognitionCore
0x000000001ead9000 	/System/Library/PrivateFrameworks/ChunkingLibrary.framework/Versions/A/ChunkingLibrary
0x0000000050c20000 	/System/Library/CoreServices/Encodings/libCyrillicConverter.dylib
0x000000010b800000 	/Applications/Android Studio.app/Contents/jre/jdk/Contents/Home/jre/lib/server/libjvm.dylib
0x000000001ead9000 	/usr/lib/libstdc++.6.dylib
0x000000010af56000 	/Applications/Android Studio.app/Contents/jre/jdk/Contents/Home/jre/lib/libverify.dylib
0x000000010af63000 	/Applications/Android Studio.app/Contents/jre/jdk/Contents/Home/jre/lib/libjava.dylib
0x000000010afa2000 	/Applications/Android Studio.app/Contents/jre/jdk/Contents/Home/jre/lib/libzip.dylib
0x0000000112bfe000 	/System/Library/Frameworks/JavaVM.framework/Frameworks/JavaRuntimeSupport.framework/JavaRuntimeSupport
0x0000000112c18000 	/System/Library/Frameworks/JavaVM.framework/Versions/A/Frameworks/JavaNativeFoundation.framework/Versions/A/JavaNativeFoundation
0x0000000112c2d000 	/System/Library/Frameworks/JavaVM.framework/Versions/A/JavaVM
0x000000001ead9000 	/System/Library/Frameworks/Carbon.framework/Versions/A/Carbon
0x0000000112c3a000 	/System/Library/PrivateFrameworks/JavaLaunching.framework/Versions/A/JavaLaunching
0x000000001ead9000 	/System/Library/Frameworks/Carbon.framework/Versions/A/Frameworks/CommonPanels.framework/Versions/A/CommonPanels
0x000000001ead9000 	/System/Library/Frameworks/Carbon.framework/Versions/A/Frameworks/Help.framework/Versions/A/Help
0x000000001ead9000 	/System/Library/Frameworks/Carbon.framework/Versions/A/Frameworks/ImageCapture.framework/Versions/A/ImageCapture
0x000000001ead9000 	/System/Library/Frameworks/Carbon.framework/Versions/A/Frameworks/OpenScripting.framework/Versions/A/OpenScripting
0x000000001ead9000 	/System/Library/Frameworks/Carbon.framework/Versions/A/Frameworks/Print.framework/Versions/A/Print
0x000000001ead9000 	/System/Library/Frameworks/Carbon.framework/Versions/A/Frameworks/SecurityHI.framework/Versions/A/SecurityHI
0x0000000114689000 	/Applications/Android Studio.app/Contents/bin/libbreakgen64.jnilib
0x000000011468c000 	/Applications/Android Studio.app/Contents/jre/jdk/Contents/Home/jre/lib/libnet.dylib
0x00000001146eb000 	/private/var/folders/d2/gzn3jf7j2rj_fx4wkg_ms_w40000gn/T/libgdxdjavid/6e213a1/libgdx64.dylib
0x000000011473b000 	/Applications/Android Studio.app/Contents/jre/jdk/Contents/Home/jre/lib/libawt.dylib
0x00000001147e3000 	/Applications/Android Studio.app/Contents/jre/jdk/Contents/Home/jre/lib/./libmlib_image.dylib
0x00000001148af000 	/Applications/Android Studio.app/Contents/jre/jdk/Contents/Home/jre/lib/libawt_lwawt.dylib
0x0000000114967000 	/Applications/Android Studio.app/Contents/jre/jdk/Contents/Home/jre/lib/./libosxapp.dylib
0x000000001ead9000 	/System/Library/Frameworks/ExceptionHandling.framework/Versions/A/ExceptionHandling
0x000000001ead9000 	/System/Library/PrivateFrameworks/CoreServicesInternal.framework/Versions/A/CoreServicesInternal
0x000000001ead9000 	/System/Library/CoreServices/RawCamera.bundle/Contents/MacOS/RawCamera
0x000000001ead9000 	/System/Library/Frameworks/Accelerate.framework/Versions/A/Frameworks/vImage.framework/Versions/A/Libraries/libCGInterfaces.dylib
0x000000001ead9000 	/System/Library/Frameworks/ApplicationServices.framework/Versions/A/Frameworks/ATS.framework/Versions/A/Resources/libTrueTypeScaler.dylib
0x0000000116b20000 	/System/Library/Frameworks/OpenGL.framework/Resources/GLEngine.bundle/GLEngine
0x000000001ead9000 	/System/Library/Frameworks/OpenGL.framework/Versions/A/Libraries/libGLProgrammability.dylib
0x0000000116d05000 	/System/Library/Extensions/AppleIntelSKLGraphicsGLDriver.bundle/Contents/MacOS/AppleIntelSKLGraphicsGLDriver
0x000000001ead9000 	/System/Library/PrivateFrameworks/GPUSupport.framework/Versions/A/Libraries/libGPUSupportMercury.dylib
0x0000000117a90000 	/System/Library/Frameworks/OpenGL.framework/Resources//GLRendererFloat.bundle/GLRendererFloat
0x000000001ead9000 	/System/Library/Frameworks/OpenCL.framework/Versions/A/Libraries/libcldcpuengine.dylib
0x000000001ead9000 	/usr/lib/libcrypto.0.9.8.dylib
0x000000001ead9000 	/System/Library/PrivateFrameworks/TrustEvaluationAgent.framework/Versions/A/TrustEvaluationAgent
0x0000000117ac4000 	/System/Library/Extensions/AppleIntelSKLGraphicsMTLDriver.bundle/Contents/MacOS/AppleIntelSKLGraphicsMTLDriver
0x000000001ead9000 	/System/Library/PrivateFrameworks/FamilyControls.framework/Versions/A/FamilyControls
0x000000001ead9000 	/System/Library/PrivateFrameworks/CommerceKit.framework/Versions/A/Frameworks/CommerceCore.framework/Versions/A/CommerceCore
0x000000001ead9000 	/System/Library/PrivateFrameworks/SystemAdministration.framework/Versions/A/SystemAdministration
0x000000001ead9000 	/System/Library/PrivateFrameworks/AppContainer.framework/Versions/A/AppContainer
0x000000001ead9000 	/System/Library/PrivateFrameworks/SecCodeWrapper.framework/Versions/A/SecCodeWrapper
0x000000001ead9000 	/System/Library/Frameworks/DirectoryService.framework/Versions/A/DirectoryService
0x000000001ead9000 	/System/Library/PrivateFrameworks/DiskImages.framework/Versions/A/DiskImages
0x000000001ead9000 	/System/Library/PrivateFrameworks/LoginUIKit.framework/Versions/A/Frameworks/LoginUICore.framework/Versions/A/LoginUICore
0x000000001ead9000 	/usr/lib/libCoreStorage.dylib
0x000000001ead9000 	/usr/lib/libcsfde.dylib
0x000000001ead9000 	/usr/lib/libodfde.dylib
0x000000001ead9000 	/System/Library/Frameworks/DiscRecording.framework/Versions/A/DiscRecording
0x000000001ead9000 	/usr/lib/libcurl.4.dylib
0x000000001ead9000 	/System/Library/PrivateFrameworks/MediaKit.framework/Versions/A/MediaKit
0x000000001ead9000 	/System/Library/PrivateFrameworks/ProtectedCloudStorage.framework/Versions/A/ProtectedCloudStorage
0x000000001ead9000 	/System/Library/PrivateFrameworks/EFILogin.framework/Versions/A/EFILogin
0x000000001ead9000 	/usr/lib/libutil.dylib
0x000000001ead9000 	/System/Library/Frameworks/LDAP.framework/Versions/A/LDAP
0x000000001ead9000 	/usr/lib/libsasl2.2.dylib
0x000000001ead9000 	/System/Library/PrivateFrameworks/CoreDaemon.framework/Versions/B/CoreDaemon
0x000000001ead9000 	/System/Library/PrivateFrameworks/AppleSRP.framework/Versions/A/AppleSRP
0x000000001ead9000 	/System/Library/PrivateFrameworks/APFS.framework/Versions/A/APFS
0x00000001191c5000 	/Applications/Android Studio.app/Contents/jre/jdk/Contents/Home/jre/lib/libfontmanager.dylib
0x00000001192ba000 	/Applications/Android Studio.app/Contents/jre/jdk/Contents/Home/jre/lib/./libfreetype.dylib.6
0x0000000119370000 	/private/var/folders/d2/gzn3jf7j2rj_fx4wkg_ms_w40000gn/T/libgdxdjavid/f7649394/liblwjgl.dylib
0x00000001156f8000 	/Applications/Android Studio.app/Contents/jre/jdk/Contents/Home/jre/lib/libjawt.dylib
0x00000001193f2000 	/var/folders/d2/gzn3jf7j2rj_fx4wkg_ms_w40000gn/T/libgdxdjavid/f7649394/openal.dylib
0x000000011944e000 	/System/Library/Components/CoreAudio.component/Contents/MacOS/CoreAudio
0x0000000116b15000 	/System/Library/Extensions/AppleHDA.kext/Contents/PlugIns/AppleHDAHALPlugIn.bundle/Contents/MacOS/AppleHDAHALPlugIn
0x000000001ead9000 	/System/Library/PrivateFrameworks/ViewBridge.framework/Versions/A/ViewBridge
0x000000001ead9000 	/System/Library/PrivateFrameworks/XPCService.framework/Versions/A/XPCService
0x000000001ead9000 	/System/Library/PrivateFrameworks/AppSandbox.framework/Versions/A/AppSandbox
0x000000001ead9000 	/usr/lib/libsandbox.1.dylib
0x000000001ead9000 	/usr/lib/libMatch.1.dylib
0x000000011a6dd000 	/Applications/Android Studio.app/Contents/jre/jdk/Contents/Home/jre/lib/libnio.dylib

VM Arguments:
jvm_args: -Didea.launcher.port=7534 -Didea.launcher.bin.path=/Applications/Android Studio.app/Contents/bin -Dfile.encoding=UTF-8 
java_command: com.intellij.rt.execution.application.AppMain com.djavid.game.desktop.DesktopLauncher
java_class_path (initial): /Applications/Android Studio.app/Contents/jre/jdk/Contents/Home/jre/lib/charsets.jar:/Applications/Android Studio.app/Contents/jre/jdk/Contents/Home/jre/lib/ext/cldrdata.jar:/Applications/Android Studio.app/Contents/jre/jdk/Contents/Home/jre/lib/ext/dnsns.jar:/Applications/Android Studio.app/Contents/jre/jdk/Contents/Home/jre/lib/ext/jaccess.jar:/Applications/Android Studio.app/Contents/jre/jdk/Contents/Home/jre/lib/ext/localedata.jar:/Applications/Android Studio.app/Contents/jre/jdk/Contents/Home/jre/lib/ext/nashorn.jar:/Applications/Android Studio.app/Contents/jre/jdk/Contents/Home/jre/lib/ext/sunec.jar:/Applications/Android Studio.app/Contents/jre/jdk/Contents/Home/jre/lib/ext/sunjce_provider.jar:/Applications/Android Studio.app/Contents/jre/jdk/Contents/Home/jre/lib/ext/sunpkcs11.jar:/Applications/Android Studio.app/Contents/jre/jdk/Contents/Home/jre/lib/ext/zipfs.jar:/Applications/Android Studio.app/Contents/jre/jdk/Contents/Home/jre/lib/jce.jar:/Applications/Android Studio.app/Contents/jre/jdk/Contents/Home/jre/lib/jsse.jar:/Applications/Android Studio.app/Contents/jre/jdk/Contents/Home/jre/lib/management-agent.jar:/Applications/Android Studio.app/Contents/jre/jdk/Contents/Home/jre/lib/resources.jar:/Applications/Android Studio.app/Contents/jre/jdk/Contents/Home/jre/lib/rt.jar:/Applications/Android Studio.app/Contents/jre/jdk/Contents/Home/lib/dt.jar:/Applications/Android Studio.app/Contents/jre/jdk/Contents/Home/lib/jconsole.jar:/Applications/Android Studio.app/Contents/jre/jdk/Contents/Home/lib/sa-jdi.jar:/Applications/Android Studio.app/Contents/jre/jdk/Contents/Home/lib/tools.jar:/Users/djavid/LibGdx projects/chess_test/desktop/build/classes/main:/Users/djavid/LibGdx projects/chess_test/core/build/classes/main:/Users/djavid/.gradle/caches/modules-2/files-2.1/com.badlogicgames.gdx/gdx/1.9.6/47d1e9b890e364ec28f128e9bb3b9a12a94c164/gdx-1.9.6.jar:/Users/djavid/.gradle/caches/modules-2/files-2.1/com.badlogicgames.gdx/gdx-box2d/1.9.6
Launcher Type: SUN_STANDARD

Environment Variables:
PATH=/Users/djavid/anaconda/bin:/usr/local/bin:/usr/bin:/bin:/usr/sbin:/sbin
SHELL=/bin/bash

Signal Handlers:
SIGSEGV: [libjvm.dylib+0x57e9cd], sa_mask[0]=11111111011111110111111111111111, sa_flags=SA_ONSTACK|SA_RESTART|SA_SIGINFO
SIGBUS: [libjvm.dylib+0x57e9cd], sa_mask[0]=11111111011111110111111111111111, sa_flags=SA_RESTART|SA_SIGINFO
SIGFPE: [libjvm.dylib+0x45951c], sa_mask[0]=11111111011111110111111111111111, sa_flags=SA_RESTART|SA_SIGINFO
SIGPIPE: [libjvm.dylib+0x45951c], sa_mask[0]=11111111011111110111111111111111, sa_flags=SA_RESTART|SA_SIGINFO
SIGXFSZ: [libjvm.dylib+0x45951c], sa_mask[0]=11111111011111110111111111111111, sa_flags=SA_RESTART|SA_SIGINFO
SIGILL: [libjvm.dylib+0x45951c], sa_mask[0]=11111111011111110111111111111111, sa_flags=SA_RESTART|SA_SIGINFO
SIGUSR1: SIG_DFL, sa_mask[0]=00000000000000000000000000000000, sa_flags=none
SIGUSR2: [libjvm.dylib+0x45903a], sa_mask[0]=00100000000000000000000000000000, sa_flags=SA_RESTART|SA_SIGINFO
SIGHUP: [libjvm.dylib+0x457611], sa_mask[0]=11111111011111110111111111111111, sa_flags=SA_RESTART|SA_SIGINFO
SIGINT: [libjvm.dylib+0x457611], sa_mask[0]=11111111011111110111111111111111, sa_flags=SA_RESTART|SA_SIGINFO
SIGTERM: [libjvm.dylib+0x457611], sa_mask[0]=11111111011111110111111111111111, sa_flags=SA_RESTART|SA_SIGINFO
SIGQUIT: [libjvm.dylib+0x457611], sa_mask[0]=11111111011111110111111111111111, sa_flags=SA_RESTART|SA_SIGINFO


---------------  S Y S T E M  ---------------

OS:Bsduname:Darwin 16.5.0 Darwin Kernel Version 16.5.0: Fri Mar  3 16:52:33 PST 2017; root:xnu-3789.51.2~3/RELEASE_X86_64 x86_64
rlimit: STACK 8192k, CORE 0k, NPROC 709, NOFILE 10240, AS infinity
load average:1.75 1.97 2.26

CPU:total 4 (2 cores per cpu, 2 threads per core) family 6 model 78 stepping 3, cmov, cx8, fxsr, mmx, sse, sse2, sse3, ssse3, sse4.1, sse4.2, popcnt, avx, avx2, aes, clmul, erms, 3dnowpref, lzcnt, ht, tsc, tscinvbit, bmi1, bmi2, adx

Memory: 4k page, physical 8388608k(76632k free)

/proc/meminfo:


vm_info: OpenJDK 64-Bit Server VM (25.112-b06) for bsd-amd64 JRE (1.8.0_112-release-b06), built on Dec  6 2016 12:18:58 by "builder" with gcc 4.2.1 (Based on Apple Inc. build 5658) (LLVM build 2336.11.00)

time: Mon Apr 17 14:44:22 2017
elapsed time: 47 seconds (0d 0h 0m 47s)

